Using pre-set license
Built from '2020.3/release' branch; Version is '2020.3.7f1 (dd97f2c94397) revision 14522354'; Using compiler version '192528614'; Build Type 'Release'
OS: 'Windows 10 Home Single Language; OS build 19042.1052; Version 2009; 64bit' Language: 'tr' Physical Memory: 16221 MB
BatchMode: 1, IsHumanControllingUs: 0, StartBugReporterOnCrash: 0, Is64bit: 1, IsPro: 0

 COMMAND LINE ARGUMENTS:
C:\Program Files\Unity\Hub\Editor\2020.3.7f1\Editor\Unity.exe
-adb2
-batchMode
-noUpm
-name
AssetImportWorker0
-projectPath
C:/Users/abdul/Documents/GitHub/Collision-Practice/New Unity Project
-logFile
Logs/AssetImportWorker0.log
-srvPort
52696
Successfully changed project path to: C:/Users/abdul/Documents/GitHub/Collision-Practice/New Unity Project
C:/Users/abdul/Documents/GitHub/Collision-Practice/New Unity Project
Using Asset Import Pipeline V2.
Refreshing native plugins compatible for Editor in 21.62 ms, found 0 plugins.
Preloading 0 native plugins for Editor in 0.00 ms.
Initialize engine version: 2020.3.7f1 (dd97f2c94397)
[Subsystems] Discovering subsystems at path C:/Program Files/Unity/Hub/Editor/2020.3.7f1/Editor/Data/Resources/UnitySubsystems
[Subsystems] Discovering subsystems at path C:/Users/abdul/Documents/GitHub/Collision-Practice/New Unity Project/Assets
GfxDevice: creating device client; threaded=0
Direct3D:
    Version:  Direct3D 11.0 [level 11.1]
    Renderer: NVIDIA GeForce GTX 1650 Ti (ID=0x1f95)
    Vendor:   
    VRAM:     3962 MB
    Driver:   27.21.14.6242
Initialize mono
Mono path[0] = 'C:/Program Files/Unity/Hub/Editor/2020.3.7f1/Editor/Data/Managed'
Mono path[1] = 'C:/Program Files/Unity/Hub/Editor/2020.3.7f1/Editor/Data/MonoBleedingEdge/lib/mono/unityjit'
Mono config path = 'C:/Program Files/Unity/Hub/Editor/2020.3.7f1/Editor/Data/MonoBleedingEdge/etc'
Using monoOptions --debugger-agent=transport=dt_socket,embedding=1,server=y,suspend=n,address=127.0.0.1:56644
Begin MonoManager ReloadAssembly
Registering precompiled unity dll's ...
Register platform support module: C:/Program Files/Unity/Hub/Editor/2020.3.7f1/Editor/Data/PlaybackEngines/MacStandaloneSupport/UnityEditor.OSXStandalone.Extensions.dll
Register platform support module: C:/Program Files/Unity/Hub/Editor/2020.3.7f1/Editor/Data/PlaybackEngines/WindowsStandaloneSupport/UnityEditor.WindowsStandalone.Extensions.dll
Registered in 0.001522 seconds.
Native extension for WindowsStandalone target not found
Native extension for OSXStandalone target not found
Refreshing native plugins compatible for Editor in 27.87 ms, found 0 plugins.
Preloading 0 native plugins for Editor in 0.00 ms.
Mono: successfully reloaded assembly
- Completed reload, in  1.513 seconds
Platform modules already initialized, skipping
Registering precompiled user dll's ...
Registered in 0.000580 seconds.
Begin MonoManager ReloadAssembly
Native extension for WindowsStandalone target not found
Native extension for OSXStandalone target not found
Refreshing native plugins compatible for Editor in 0.19 ms, found 0 plugins.
Preloading 0 native plugins for Editor in 0.00 ms.
Mono: successfully reloaded assembly
- Completed reload, in  0.844 seconds
Platform modules already initialized, skipping
========================================================================
Worker process is ready to serve import requests
Launched and connected shader compiler UnityShaderCompiler.exe after 0.03 seconds
Refreshing native plugins compatible for Editor in 0.33 ms, found 0 plugins.
Preloading 0 native plugins for Editor in 0.00 ms.
Unloading 1263 Unused Serialized files (Serialized files now loaded: 0)
System memory in use before: 62.1 MB.
System memory in use after: 62.1 MB.

Unloading 11 unused Assets to reduce memory usage. Loaded Objects now: 1705.
Total: 1.613300 ms (FindLiveObjects: 0.143000 ms CreateObjectMapping: 0.049500 ms MarkObjects: 1.351000 ms  DeleteObjects: 0.068600 ms)

========================================================================
Received Import Request.
  path: Assets/Scripts/Mover.cs
  artifactKey: Guid(b3fea427c22262447ba3b9d1e52343c1) Importer(815301076,1909f56bfc062723c751e8b465ee728b)
Start importing Assets/Scripts/Mover.cs using Guid(b3fea427c22262447ba3b9d1e52343c1) Importer(815301076,1909f56bfc062723c751e8b465ee728b)  -> (artifact id: '859775124c544227ad2b0b5cabfc9da2') in 0.019416 seconds
  Import took 0.021194 seconds .

========================================================================
Received Prepare
Registering precompiled user dll's ...
Registered in 0.000436 seconds.
Begin MonoManager ReloadAssembly
Native extension for WindowsStandalone target not found
Native extension for OSXStandalone target not found
Refreshing native plugins compatible for Editor in 0.20 ms, found 0 plugins.
Preloading 0 native plugins for Editor in 0.00 ms.
Mono: successfully reloaded assembly
- Completed reload, in  0.673 seconds
Platform modules already initialized, skipping
Refreshing native plugins compatible for Editor in 0.19 ms, found 0 plugins.
Preloading 0 native plugins for Editor in 0.00 ms.
Unloading 1256 Unused Serialized files (Serialized files now loaded: 0)
System memory in use before: 61.9 MB.
System memory in use after: 62.0 MB.

Unloading 6 unused Assets to reduce memory usage. Loaded Objects now: 1708.
Total: 1.556800 ms (FindLiveObjects: 0.140200 ms CreateObjectMapping: 0.039400 ms MarkObjects: 1.332600 ms  DeleteObjects: 0.043900 ms)

========================================================================
Received Import Request.
  Time since last request: 67.873213 seconds.
  path: Assets/Scripts/Mover.cs
  artifactKey: Guid(b3fea427c22262447ba3b9d1e52343c1) Importer(815301076,1909f56bfc062723c751e8b465ee728b)
Start importing Assets/Scripts/Mover.cs using Guid(b3fea427c22262447ba3b9d1e52343c1) Importer(815301076,1909f56bfc062723c751e8b465ee728b)  -> (artifact id: 'cfe9075c85990106ffe6b9ad48e545ae') in 0.005469 seconds
  Import took 0.007085 seconds .

========================================================================
Received Prepare
Registering precompiled user dll's ...
Registered in 0.000620 seconds.
Begin MonoManager ReloadAssembly
Native extension for WindowsStandalone target not found
Native extension for OSXStandalone target not found
Refreshing native plugins compatible for Editor in 0.20 ms, found 0 plugins.
Preloading 0 native plugins for Editor in 0.00 ms.
Mono: successfully reloaded assembly
- Completed reload, in  0.634 seconds
Platform modules already initialized, skipping
Refreshing native plugins compatible for Editor in 0.18 ms, found 0 plugins.
Preloading 0 native plugins for Editor in 0.00 ms.
Unloading 1256 Unused Serialized files (Serialized files now loaded: 0)
System memory in use before: 61.9 MB.
System memory in use after: 62.0 MB.

Unloading 6 unused Assets to reduce memory usage. Loaded Objects now: 1711.
Total: 1.264200 ms (FindLiveObjects: 0.108500 ms CreateObjectMapping: 0.034100 ms MarkObjects: 1.086300 ms  DeleteObjects: 0.034600 ms)

========================================================================
Received Import Request.
  Time since last request: 126.845489 seconds.
  path: Assets/Scripts/HitDetect.cs
  artifactKey: Guid(dd5fdc9f13ac6024a870740eeeaf2f1c) Importer(815301076,1909f56bfc062723c751e8b465ee728b)
Start importing Assets/Scripts/HitDetect.cs using Guid(dd5fdc9f13ac6024a870740eeeaf2f1c) Importer(815301076,1909f56bfc062723c751e8b465ee728b)  -> (artifact id: '6f31786e9981fe8f2c473c11c042bdd9') in 0.011768 seconds
  Import took 0.013799 seconds .

========================================================================
Received Prepare
Registering precompiled user dll's ...
Registered in 0.000496 seconds.
Begin MonoManager ReloadAssembly
Native extension for WindowsStandalone target not found
Native extension for OSXStandalone target not found
Refreshing native plugins compatible for Editor in 0.19 ms, found 0 plugins.
Preloading 0 native plugins for Editor in 0.00 ms.
Mono: successfully reloaded assembly
- Completed reload, in  0.712 seconds
Platform modules already initialized, skipping
Refreshing native plugins compatible for Editor in 0.19 ms, found 0 plugins.
Preloading 0 native plugins for Editor in 0.00 ms.
Unloading 1257 Unused Serialized files (Serialized files now loaded: 0)
System memory in use before: 62.0 MB.
System memory in use after: 62.0 MB.

Unloading 6 unused Assets to reduce memory usage. Loaded Objects now: 1715.
Total: 1.688600 ms (FindLiveObjects: 0.151700 ms CreateObjectMapping: 0.064300 ms MarkObjects: 1.406800 ms  DeleteObjects: 0.064800 ms)

========================================================================
Received Prepare
Registering precompiled user dll's ...
Registered in 0.000499 seconds.
Begin MonoManager ReloadAssembly
Native extension for WindowsStandalone target not found
Native extension for OSXStandalone target not found
Refreshing native plugins compatible for Editor in 0.21 ms, found 0 plugins.
Preloading 0 native plugins for Editor in 0.00 ms.
Mono: successfully reloaded assembly
- Completed reload, in  0.647 seconds
Platform modules already initialized, skipping
Refreshing native plugins compatible for Editor in 0.18 ms, found 0 plugins.
Preloading 0 native plugins for Editor in 0.00 ms.
Unloading 1257 Unused Serialized files (Serialized files now loaded: 0)
System memory in use before: 62.0 MB.
System memory in use after: 62.0 MB.

Unloading 6 unused Assets to reduce memory usage. Loaded Objects now: 1718.
Total: 1.639400 ms (FindLiveObjects: 0.172500 ms CreateObjectMapping: 0.058800 ms MarkObjects: 1.326100 ms  DeleteObjects: 0.081300 ms)

========================================================================
Received Import Request.
  Time since last request: 94.953938 seconds.
  path: Assets/Scripts/HitDetect.cs
  artifactKey: Guid(dd5fdc9f13ac6024a870740eeeaf2f1c) Importer(815301076,1909f56bfc062723c751e8b465ee728b)
Start importing Assets/Scripts/HitDetect.cs using Guid(dd5fdc9f13ac6024a870740eeeaf2f1c) Importer(815301076,1909f56bfc062723c751e8b465ee728b)  -> (artifact id: '6ba7a8aa33092a8158bdcf60e4882e70') in 0.005702 seconds
  Import took 0.007760 seconds .

========================================================================
Received Prepare
Registering precompiled user dll's ...
Registered in 0.000486 seconds.
Begin MonoManager ReloadAssembly
Native extension for WindowsStandalone target not found
Native extension for OSXStandalone target not found
Refreshing native plugins compatible for Editor in 0.19 ms, found 0 plugins.
Preloading 0 native plugins for Editor in 0.00 ms.
Mono: successfully reloaded assembly
- Completed reload, in  0.653 seconds
Platform modules already initialized, skipping
Refreshing native plugins compatible for Editor in 0.19 ms, found 0 plugins.
Preloading 0 native plugins for Editor in 0.00 ms.
Unloading 1257 Unused Serialized files (Serialized files now loaded: 0)
System memory in use before: 62.0 MB.
System memory in use after: 62.0 MB.

Unloading 6 unused Assets to reduce memory usage. Loaded Objects now: 1721.
Total: 2.573400 ms (FindLiveObjects: 0.309100 ms CreateObjectMapping: 0.103700 ms MarkObjects: 2.119700 ms  DeleteObjects: 0.038300 ms)

========================================================================
Received Prepare
Registering precompiled user dll's ...
Registered in 0.000601 seconds.
Begin MonoManager ReloadAssembly
Native extension for WindowsStandalone target not found
Native extension for OSXStandalone target not found
Refreshing native plugins compatible for Editor in 0.20 ms, found 0 plugins.
Preloading 0 native plugins for Editor in 0.00 ms.
Mono: successfully reloaded assembly
- Completed reload, in  0.656 seconds
Platform modules already initialized, skipping
Refreshing native plugins compatible for Editor in 0.20 ms, found 0 plugins.
Preloading 0 native plugins for Editor in 0.00 ms.
Unloading 1257 Unused Serialized files (Serialized files now loaded: 0)
System memory in use before: 62.0 MB.
System memory in use after: 62.1 MB.

Unloading 6 unused Assets to reduce memory usage. Loaded Objects now: 1724.
Total: 1.621800 ms (FindLiveObjects: 0.138200 ms CreateObjectMapping: 0.035800 ms MarkObjects: 1.407300 ms  DeleteObjects: 0.039700 ms)

========================================================================
Received Import Request.
  Time since last request: 738.135312 seconds.
  path: Assets/Scripts/HitDetect.cs
  artifactKey: Guid(dd5fdc9f13ac6024a870740eeeaf2f1c) Importer(815301076,1909f56bfc062723c751e8b465ee728b)
Start importing Assets/Scripts/HitDetect.cs using Guid(dd5fdc9f13ac6024a870740eeeaf2f1c) Importer(815301076,1909f56bfc062723c751e8b465ee728b)  -> (artifact id: '0b83b367a658f4c0bf4782e8b87ed156') in 0.005314 seconds
  Import took 0.007008 seconds .

========================================================================
Received Prepare
Registering precompiled user dll's ...
Registered in 0.000397 seconds.
Begin MonoManager ReloadAssembly
Native extension for WindowsStandalone target not found
Native extension for OSXStandalone target not found
Refreshing native plugins compatible for Editor in 0.19 ms, found 0 plugins.
Preloading 0 native plugins for Editor in 0.00 ms.
Mono: successfully reloaded assembly
- Completed reload, in  0.638 seconds
Platform modules already initialized, skipping
Refreshing native plugins compatible for Editor in 0.18 ms, found 0 plugins.
Preloading 0 native plugins for Editor in 0.00 ms.
Unloading 1257 Unused Serialized files (Serialized files now loaded: 0)
System memory in use before: 62.0 MB.
System memory in use after: 62.1 MB.

Unloading 6 unused Assets to reduce memory usage. Loaded Objects now: 1727.
Total: 1.467900 ms (FindLiveObjects: 0.123700 ms CreateObjectMapping: 0.036000 ms MarkObjects: 1.270300 ms  DeleteObjects: 0.037200 ms)

========================================================================
Received Prepare
Registering precompiled user dll's ...
Registered in 0.000567 seconds.
Begin MonoManager ReloadAssembly
Native extension for WindowsStandalone target not found
Native extension for OSXStandalone target not found
Refreshing native plugins compatible for Editor in 0.19 ms, found 0 plugins.
Preloading 0 native plugins for Editor in 0.00 ms.
Mono: successfully reloaded assembly
- Completed reload, in  0.675 seconds
Platform modules already initialized, skipping
Refreshing native plugins compatible for Editor in 0.30 ms, found 0 plugins.
Preloading 0 native plugins for Editor in 0.00 ms.
Unloading 1257 Unused Serialized files (Serialized files now loaded: 0)
System memory in use before: 62.0 MB.
System memory in use after: 62.1 MB.

Unloading 6 unused Assets to reduce memory usage. Loaded Objects now: 1730.
Total: 1.360800 ms (FindLiveObjects: 0.126600 ms CreateObjectMapping: 0.036300 ms MarkObjects: 1.151200 ms  DeleteObjects: 0.045100 ms)

========================================================================
Received Prepare
Registering precompiled user dll's ...
Registered in 0.000719 seconds.
Begin MonoManager ReloadAssembly
Native extension for WindowsStandalone target not found
Native extension for OSXStandalone target not found
Refreshing native plugins compatible for Editor in 0.26 ms, found 0 plugins.
Preloading 0 native plugins for Editor in 0.00 ms.
Mono: successfully reloaded assembly
- Completed reload, in  0.828 seconds
Platform modules already initialized, skipping
Refreshing native plugins compatible for Editor in 0.19 ms, found 0 plugins.
Preloading 0 native plugins for Editor in 0.00 ms.
Unloading 1257 Unused Serialized files (Serialized files now loaded: 0)
System memory in use before: 62.0 MB.
System memory in use after: 62.1 MB.

Unloading 6 unused Assets to reduce memory usage. Loaded Objects now: 1733.
Total: 1.343900 ms (FindLiveObjects: 0.124200 ms CreateObjectMapping: 0.038500 ms MarkObjects: 1.144200 ms  DeleteObjects: 0.036200 ms)

========================================================================
Received Prepare
Registering precompiled user dll's ...
Registered in 0.000599 seconds.
Begin MonoManager ReloadAssembly
Native extension for WindowsStandalone target not found
Native extension for OSXStandalone target not found
Refreshing native plugins compatible for Editor in 0.23 ms, found 0 plugins.
Preloading 0 native plugins for Editor in 0.00 ms.
Mono: successfully reloaded assembly
- Completed reload, in  0.660 seconds
Platform modules already initialized, skipping
Refreshing native plugins compatible for Editor in 0.19 ms, found 0 plugins.
Preloading 0 native plugins for Editor in 0.00 ms.
Unloading 1257 Unused Serialized files (Serialized files now loaded: 0)
System memory in use before: 62.0 MB.
System memory in use after: 62.1 MB.

Unloading 6 unused Assets to reduce memory usage. Loaded Objects now: 1736.
Total: 1.383200 ms (FindLiveObjects: 0.124300 ms CreateObjectMapping: 0.035700 ms MarkObjects: 1.182500 ms  DeleteObjects: 0.040000 ms)

========================================================================
Received Prepare
Registering precompiled user dll's ...
Registered in 0.000468 seconds.
Begin MonoManager ReloadAssembly
Native extension for WindowsStandalone target not found
Native extension for OSXStandalone target not found
Refreshing native plugins compatible for Editor in 0.19 ms, found 0 plugins.
Preloading 0 native plugins for Editor in 0.00 ms.
Mono: successfully reloaded assembly
- Completed reload, in  0.642 seconds
Platform modules already initialized, skipping
Refreshing native plugins compatible for Editor in 0.19 ms, found 0 plugins.
Preloading 0 native plugins for Editor in 0.00 ms.
Unloading 1257 Unused Serialized files (Serialized files now loaded: 0)
System memory in use before: 62.0 MB.
System memory in use after: 62.1 MB.

Unloading 6 unused Assets to reduce memory usage. Loaded Objects now: 1739.
Total: 1.368600 ms (FindLiveObjects: 0.147900 ms CreateObjectMapping: 0.039400 ms MarkObjects: 1.141700 ms  DeleteObjects: 0.037300 ms)

========================================================================
Received Prepare
Registering precompiled user dll's ...
Registered in 0.000549 seconds.
Begin MonoManager ReloadAssembly
Native extension for WindowsStandalone target not found
Native extension for OSXStandalone target not found
Refreshing native plugins compatible for Editor in 0.20 ms, found 0 plugins.
Preloading 0 native plugins for Editor in 0.00 ms.
Mono: successfully reloaded assembly
- Completed reload, in  0.638 seconds
Platform modules already initialized, skipping
Refreshing native plugins compatible for Editor in 0.18 ms, found 0 plugins.
Preloading 0 native plugins for Editor in 0.00 ms.
Unloading 1257 Unused Serialized files (Serialized files now loaded: 0)
System memory in use before: 62.0 MB.
System memory in use after: 62.1 MB.

Unloading 6 unused Assets to reduce memory usage. Loaded Objects now: 1742.
Total: 1.625700 ms (FindLiveObjects: 0.129100 ms CreateObjectMapping: 0.038000 ms MarkObjects: 1.412000 ms  DeleteObjects: 0.044000 ms)

========================================================================
Received Import Request.
  Time since last request: 2003.240591 seconds.
  path: Assets/Scripts/Score.cs
  artifactKey: Guid(0b0b2e11b3d6d9244a7404da450f1acf) Importer(815301076,1909f56bfc062723c751e8b465ee728b)
Start importing Assets/Scripts/Score.cs using Guid(0b0b2e11b3d6d9244a7404da450f1acf) Importer(815301076,1909f56bfc062723c751e8b465ee728b)  -> (artifact id: '204d5234dcc4dbe6076c5e4f7b49d451') in 0.010164 seconds
  Import took 0.012917 seconds .

========================================================================
Received Prepare
Registering precompiled user dll's ...
Registered in 0.000418 seconds.
Begin MonoManager ReloadAssembly
Native extension for WindowsStandalone target not found
Native extension for OSXStandalone target not found
Refreshing native plugins compatible for Editor in 0.20 ms, found 0 plugins.
Preloading 0 native plugins for Editor in 0.00 ms.
Mono: successfully reloaded assembly
- Completed reload, in  0.739 seconds
Platform modules already initialized, skipping
Refreshing native plugins compatible for Editor in 0.20 ms, found 0 plugins.
Preloading 0 native plugins for Editor in 0.00 ms.
Unloading 1258 Unused Serialized files (Serialized files now loaded: 0)
System memory in use before: 62.0 MB.
System memory in use after: 62.1 MB.

Unloading 6 unused Assets to reduce memory usage. Loaded Objects now: 1746.
Total: 1.437000 ms (FindLiveObjects: 0.218700 ms CreateObjectMapping: 0.039300 ms MarkObjects: 1.137600 ms  DeleteObjects: 0.039200 ms)

========================================================================
Received Prepare
Registering precompiled user dll's ...
Registered in 0.000470 seconds.
Begin MonoManager ReloadAssembly
Native extension for WindowsStandalone target not found
Native extension for OSXStandalone target not found
Refreshing native plugins compatible for Editor in 0.20 ms, found 0 plugins.
Preloading 0 native plugins for Editor in 0.00 ms.
Mono: successfully reloaded assembly
- Completed reload, in  0.663 seconds
Platform modules already initialized, skipping
Refreshing native plugins compatible for Editor in 0.19 ms, found 0 plugins.
Preloading 0 native plugins for Editor in 0.00 ms.
Unloading 1258 Unused Serialized files (Serialized files now loaded: 0)
System memory in use before: 62.0 MB.
System memory in use after: 62.1 MB.

Unloading 6 unused Assets to reduce memory usage. Loaded Objects now: 1749.
Total: 1.499200 ms (FindLiveObjects: 0.122500 ms CreateObjectMapping: 0.037000 ms MarkObjects: 1.300500 ms  DeleteObjects: 0.038600 ms)

========================================================================
Received Import Request.
  Time since last request: 51.989760 seconds.
  path: Assets/Scripts/Score.cs
  artifactKey: Guid(0b0b2e11b3d6d9244a7404da450f1acf) Importer(815301076,1909f56bfc062723c751e8b465ee728b)
Start importing Assets/Scripts/Score.cs using Guid(0b0b2e11b3d6d9244a7404da450f1acf) Importer(815301076,1909f56bfc062723c751e8b465ee728b)  -> (artifact id: 'd6081e23cea037aea4fc918f23d493a1') in 0.005562 seconds
  Import took 0.009702 seconds .

========================================================================
Received Prepare
Registering precompiled user dll's ...
Registered in 0.000432 seconds.
Begin MonoManager ReloadAssembly
Native extension for WindowsStandalone target not found
Native extension for OSXStandalone target not found
Refreshing native plugins compatible for Editor in 0.19 ms, found 0 plugins.
Preloading 0 native plugins for Editor in 0.00 ms.
Mono: successfully reloaded assembly
- Completed reload, in  0.697 seconds
Platform modules already initialized, skipping
Refreshing native plugins compatible for Editor in 0.20 ms, found 0 plugins.
Preloading 0 native plugins for Editor in 0.00 ms.
Unloading 1258 Unused Serialized files (Serialized files now loaded: 0)
System memory in use before: 62.1 MB.
System memory in use after: 62.1 MB.

Unloading 6 unused Assets to reduce memory usage. Loaded Objects now: 1752.
Total: 1.690000 ms (FindLiveObjects: 0.144900 ms CreateObjectMapping: 0.044600 ms MarkObjects: 1.453000 ms  DeleteObjects: 0.045800 ms)

========================================================================
Received Prepare
Registering precompiled user dll's ...
Registered in 0.000483 seconds.
Begin MonoManager ReloadAssembly
Native extension for WindowsStandalone target not found
Native extension for OSXStandalone target not found
Refreshing native plugins compatible for Editor in 0.19 ms, found 0 plugins.
Preloading 0 native plugins for Editor in 0.00 ms.
Mono: successfully reloaded assembly
- Completed reload, in  0.645 seconds
Platform modules already initialized, skipping
Refreshing native plugins compatible for Editor in 0.18 ms, found 0 plugins.
Preloading 0 native plugins for Editor in 0.00 ms.
Unloading 1258 Unused Serialized files (Serialized files now loaded: 0)
System memory in use before: 62.1 MB.
System memory in use after: 62.1 MB.

Unloading 6 unused Assets to reduce memory usage. Loaded Objects now: 1755.
Total: 1.363600 ms (FindLiveObjects: 0.118900 ms CreateObjectMapping: 0.035700 ms MarkObjects: 1.172400 ms  DeleteObjects: 0.036000 ms)

========================================================================
Received Prepare
Registering precompiled user dll's ...
Registered in 0.000582 seconds.
Begin MonoManager ReloadAssembly
Native extension for WindowsStandalone target not found
Native extension for OSXStandalone target not found
Refreshing native plugins compatible for Editor in 0.19 ms, found 0 plugins.
Preloading 0 native plugins for Editor in 0.00 ms.
Mono: successfully reloaded assembly
- Completed reload, in  0.656 seconds
Platform modules already initialized, skipping
Refreshing native plugins compatible for Editor in 0.30 ms, found 0 plugins.
Preloading 0 native plugins for Editor in 0.00 ms.
Unloading 1258 Unused Serialized files (Serialized files now loaded: 0)
System memory in use before: 62.1 MB.
System memory in use after: 62.1 MB.

Unloading 6 unused Assets to reduce memory usage. Loaded Objects now: 1758.
Total: 1.721100 ms (FindLiveObjects: 0.135800 ms CreateObjectMapping: 0.065400 ms MarkObjects: 1.480800 ms  DeleteObjects: 0.038300 ms)

========================================================================
Received Import Request.
  Time since last request: 1099.574777 seconds.
  path: Assets/Scripts/TimeStuff.cs
  artifactKey: Guid(f16f25e5b452ea148b87b3d88a13a020) Importer(815301076,1909f56bfc062723c751e8b465ee728b)
Start importing Assets/Scripts/TimeStuff.cs using Guid(f16f25e5b452ea148b87b3d88a13a020) Importer(815301076,1909f56bfc062723c751e8b465ee728b)  -> (artifact id: 'a918763aeb09f05a3a1f77b4522d4218') in 0.008361 seconds
  Import took 0.010495 seconds .

========================================================================
Received Prepare
Registering precompiled user dll's ...
Registered in 0.000395 seconds.
Begin MonoManager ReloadAssembly
Native extension for WindowsStandalone target not found
Native extension for OSXStandalone target not found
Refreshing native plugins compatible for Editor in 0.19 ms, found 0 plugins.
Preloading 0 native plugins for Editor in 0.00 ms.
Mono: successfully reloaded assembly
- Completed reload, in  0.672 seconds
Platform modules already initialized, skipping
Refreshing native plugins compatible for Editor in 0.23 ms, found 0 plugins.
Preloading 0 native plugins for Editor in 0.00 ms.
Unloading 1259 Unused Serialized files (Serialized files now loaded: 0)
System memory in use before: 62.1 MB.
System memory in use after: 62.2 MB.

Unloading 6 unused Assets to reduce memory usage. Loaded Objects now: 1762.
Total: 1.499200 ms (FindLiveObjects: 0.144600 ms CreateObjectMapping: 0.042700 ms MarkObjects: 1.263900 ms  DeleteObjects: 0.047000 ms)

========================================================================
Received Prepare
Registering precompiled user dll's ...
Registered in 0.000466 seconds.
Begin MonoManager ReloadAssembly
Native extension for WindowsStandalone target not found
Native extension for OSXStandalone target not found
Refreshing native plugins compatible for Editor in 0.19 ms, found 0 plugins.
Preloading 0 native plugins for Editor in 0.00 ms.
Mono: successfully reloaded assembly
- Completed reload, in  0.680 seconds
Platform modules already initialized, skipping
Refreshing native plugins compatible for Editor in 0.19 ms, found 0 plugins.
Preloading 0 native plugins for Editor in 0.00 ms.
Unloading 1259 Unused Serialized files (Serialized files now loaded: 0)
System memory in use before: 62.1 MB.
System memory in use after: 62.2 MB.

Unloading 6 unused Assets to reduce memory usage. Loaded Objects now: 1765.
Total: 1.379200 ms (FindLiveObjects: 0.127100 ms CreateObjectMapping: 0.033600 ms MarkObjects: 1.181400 ms  DeleteObjects: 0.036200 ms)

========================================================================
Received Prepare
Registering precompiled user dll's ...
Registered in 0.000394 seconds.
Begin MonoManager ReloadAssembly
Native extension for WindowsStandalone target not found
Native extension for OSXStandalone target not found
Refreshing native plugins compatible for Editor in 0.19 ms, found 0 plugins.
Preloading 0 native plugins for Editor in 0.00 ms.
Mono: successfully reloaded assembly
- Completed reload, in  0.662 seconds
Platform modules already initialized, skipping
Refreshing native plugins compatible for Editor in 0.19 ms, found 0 plugins.
Preloading 0 native plugins for Editor in 0.00 ms.
Unloading 1259 Unused Serialized files (Serialized files now loaded: 0)
System memory in use before: 62.1 MB.
System memory in use after: 62.2 MB.

Unloading 6 unused Assets to reduce memory usage. Loaded Objects now: 1768.
Total: 3.456800 ms (FindLiveObjects: 0.302200 ms CreateObjectMapping: 0.110200 ms MarkObjects: 2.964800 ms  DeleteObjects: 0.077400 ms)

========================================================================
Received Prepare
Registering precompiled user dll's ...
Registered in 0.000436 seconds.
Begin MonoManager ReloadAssembly
Native extension for WindowsStandalone target not found
Native extension for OSXStandalone target not found
Refreshing native plugins compatible for Editor in 0.28 ms, found 0 plugins.
Preloading 0 native plugins for Editor in 0.00 ms.
Mono: successfully reloaded assembly
- Completed reload, in  0.701 seconds
Platform modules already initialized, skipping
Refreshing native plugins compatible for Editor in 0.20 ms, found 0 plugins.
Preloading 0 native plugins for Editor in 0.00 ms.
Unloading 1260 Unused Serialized files (Serialized files now loaded: 0)
System memory in use before: 62.2 MB.
System memory in use after: 62.3 MB.

Unloading 6 unused Assets to reduce memory usage. Loaded Objects now: 1772.
Total: 1.739800 ms (FindLiveObjects: 0.148700 ms CreateObjectMapping: 0.036800 ms MarkObjects: 1.508000 ms  DeleteObjects: 0.044600 ms)

========================================================================
Received Import Request.
  Time since last request: 1307.126818 seconds.
  path: Assets/Scripts/Spinner.cs
  artifactKey: Guid(c7350a7d6d75636418c46f362f4d97c8) Importer(815301076,1909f56bfc062723c751e8b465ee728b)
Start importing Assets/Scripts/Spinner.cs using Guid(c7350a7d6d75636418c46f362f4d97c8) Importer(815301076,1909f56bfc062723c751e8b465ee728b)  -> (artifact id: '1c8a6b3300876ab6fdc78637abcfd44c') in 0.007880 seconds
  Import took 0.009603 seconds .

========================================================================
Received Prepare
Registering precompiled user dll's ...
Registered in 0.000397 seconds.
Begin MonoManager ReloadAssembly
Native extension for WindowsStandalone target not found
Native extension for OSXStandalone target not found
Refreshing native plugins compatible for Editor in 0.19 ms, found 0 plugins.
Preloading 0 native plugins for Editor in 0.00 ms.
Mono: successfully reloaded assembly
- Completed reload, in  0.676 seconds
Platform modules already initialized, skipping
Refreshing native plugins compatible for Editor in 0.18 ms, found 0 plugins.
Preloading 0 native plugins for Editor in 0.00 ms.
Unloading 1260 Unused Serialized files (Serialized files now loaded: 0)
System memory in use before: 62.2 MB.
System memory in use after: 62.2 MB.

Unloading 6 unused Assets to reduce memory usage. Loaded Objects now: 1775.
Total: 4.399700 ms (FindLiveObjects: 0.312800 ms CreateObjectMapping: 0.108300 ms MarkObjects: 3.873600 ms  DeleteObjects: 0.102100 ms)

========================================================================
Received Prepare
Registering precompiled user dll's ...
Registered in 0.000500 seconds.
Begin MonoManager ReloadAssembly
Native extension for WindowsStandalone target not found
Native extension for OSXStandalone target not found
Refreshing native plugins compatible for Editor in 0.19 ms, found 0 plugins.
Preloading 0 native plugins for Editor in 0.00 ms.
Mono: successfully reloaded assembly
- Completed reload, in  0.644 seconds
Platform modules already initialized, skipping
Refreshing native plugins compatible for Editor in 0.18 ms, found 0 plugins.
Preloading 0 native plugins for Editor in 0.00 ms.
Unloading 1260 Unused Serialized files (Serialized files now loaded: 0)
System memory in use before: 62.2 MB.
System memory in use after: 62.3 MB.

Unloading 6 unused Assets to reduce memory usage. Loaded Objects now: 1778.
Total: 4.061600 ms (FindLiveObjects: 0.311100 ms CreateObjectMapping: 0.107000 ms MarkObjects: 3.542800 ms  DeleteObjects: 0.098500 ms)

========================================================================
Received Import Request.
  Time since last request: 108.911509 seconds.
  path: Assets/Scripts/Spinner.cs
  artifactKey: Guid(c7350a7d6d75636418c46f362f4d97c8) Importer(815301076,1909f56bfc062723c751e8b465ee728b)
Start importing Assets/Scripts/Spinner.cs using Guid(c7350a7d6d75636418c46f362f4d97c8) Importer(815301076,1909f56bfc062723c751e8b465ee728b)  -> (artifact id: '6b2f4eccf5ec10c7edcb2d0368e3b6ec') in 0.007154 seconds
  Import took 0.010667 seconds .

========================================================================
Received Prepare
Registering precompiled user dll's ...
Registered in 0.000487 seconds.
Begin MonoManager ReloadAssembly
Native extension for WindowsStandalone target not found
Native extension for OSXStandalone target not found
Refreshing native plugins compatible for Editor in 0.19 ms, found 0 plugins.
Preloading 0 native plugins for Editor in 0.00 ms.
Mono: successfully reloaded assembly
- Completed reload, in  0.616 seconds
Platform modules already initialized, skipping
Refreshing native plugins compatible for Editor in 0.17 ms, found 0 plugins.
Preloading 0 native plugins for Editor in 0.00 ms.
Unloading 1260 Unused Serialized files (Serialized files now loaded: 0)
System memory in use before: 62.2 MB.
System memory in use after: 62.3 MB.

Unloading 6 unused Assets to reduce memory usage. Loaded Objects now: 1781.
Total: 3.493900 ms (FindLiveObjects: 0.296900 ms CreateObjectMapping: 0.113600 ms MarkObjects: 3.002800 ms  DeleteObjects: 0.077800 ms)

AssetImportWorkerClient::OnTransportError - code=2 error=End of file
